<?xml version="1.0" encoding="utf-8"?><testsuites name="pytest tests"><testsuite name="pytest" errors="0" failures="0" skipped="0" tests="6" time="0.033" timestamp="2026-09-10T03:27:41.910473+00:00" hostname="hds-uhdl1d8iormp"><testcase classname="tests.test_store" name="test_dedupe_same_bytes_two_provenance" time="0.005" /><testcase classname="tests.test_store" name="test_same_basename_different_bytes" time="0.003" /><testcase classname="tests.test_store" name="test_hash_mismatch" time="0.001" /><testcase classname="tests.test_store" name="test_locator_outside_sources_rejected" time="0.001" /><testcase classname="tests.test_store" name="test_crash_before_manifest" time="0.001" /><testcase classname="tests.test_store" name="test_replay_idempotent" time="0.004" /></testsuite></testsuites>