<?xml version="1.0" encoding="utf-8"?><testsuites name="pytest tests"><testsuite name="pytest" errors="0" failures="0" skipped="0" tests="11" time="0.034" timestamp="2026-09-10T03:27:41.686127+00:00" hostname="hds-uhdl1d8iormp"><testcase classname="tests.test_resolver" name="test_posix_and_windows_same_bytes" time="0.002" /><testcase classname="tests.test_resolver" name="test_same_basename_different_bytes" time="0.001" /><testcase classname="tests.test_resolver" name="test_missing_profile_rejected" time="0.001" /><testcase classname="tests.test_resolver" name="test_rejects_before_read" time="0.001" /><testcase classname="tests.test_resolver" name="test_symlink_escape" time="0.001" /><testcase classname="tests.test_resolver" name="test_symlink_cycle_finite" time="0.002" /><testcase classname="tests.test_resolver" name="test_depth_cap" time="0.001" /><testcase classname="tests.test_resolver" name="test_non_nfc_rejected" time="0.001" /><testcase classname="tests.test_resolver" name="test_case_alias_rejected" time="0.001" /><testcase classname="tests.test_resolver" name="test_canonical_json_sorted_compact" time="0.000" /><testcase classname="tests.test_resolver" name="test_duplicate_json_key_rejected" time="0.000" /></testsuite></testsuites>