<?xml version="1.0" encoding="utf-8"?><testsuites name="pytest tests"><testsuite name="pytest" errors="0" failures="0" skipped="0" tests="8" time="0.081" timestamp="2026-09-10T03:27:42.686337+00:00" hostname="hds-uhdl1d8iormp"><testcase classname="tests.test_concurrency" name="test_duplicate_concurrent_admit_one_job" time="0.009" /><testcase classname="tests.test_concurrency" name="test_stale_lease_cannot_finalize" time="0.006" /><testcase classname="tests.test_e2e" name="test_admit_freeze_compute_finalize_project" time="0.008" /><testcase classname="tests.test_e2e" name="test_replay_does_not_create_second_logical_output" time="0.008" /><testcase classname="tests.test_offline_gate" name="test_no_secret_env_required" time="0.008" /><testcase classname="tests.test_offline_gate" name="test_source_scan_no_tokens_or_raw_thbison" time="0.001" /><testcase classname="tests.test_restart_crash" name="test_restart_reopens_same_ledger" time="0.009" /><testcase classname="tests.test_restart_crash" name="test_crash_before_manifest_leaves_unpublished" time="0.001" /></testsuite></testsuites>