<?xml version="1.0" encoding="utf-8"?><testsuites name="pytest tests"><testsuite name="pytest" errors="0" failures="0" skipped="0" tests="9" time="0.134" timestamp="2026-09-10T03:27:42.131382+00:00" hostname="hds-uhdl1d8iormp"><testcase classname="tests.test_ledger" name="test_duplicate_admit_one_job" time="0.006" /><testcase classname="tests.test_ledger" name="test_digest_conflict" time="0.012" /><testcase classname="tests.test_ledger" name="test_concurrent_admit" time="0.012" /><testcase classname="tests.test_ledger" name="test_two_controllers_one_claim" time="0.005" /><testcase classname="tests.test_ledger" name="test_stale_worker_cannot_finalize" time="0.006" /><testcase classname="tests.test_ledger" name="test_restart_persists_counters" time="0.005" /><testcase classname="tests.test_ledger" name="test_terminal_replay_no_restart" time="0.005" /><testcase classname="tests.test_ledger" name="test_cancel_blocks_late_output" time="0.004" /><testcase classname="tests.test_ledger" name="test_budget_no_race" time="0.061" /></testsuite></testsuites>