<?xml version="1.0" encoding="utf-8"?><testsuites name="pytest tests"><testsuite name="pytest" errors="0" failures="0" skipped="0" tests="12" time="0.029" timestamp="2026-09-10T03:27:42.470773+00:00" hostname="hds-uhdl1d8iormp"><testcase classname="tests.test_projection" name="test_happy_path_projects_status" time="0.001" /><testcase classname="tests.test_projection" name="test_auth_and_scope_before_write" time="0.000" /><testcase classname="tests.test_projection" name="test_duplicate_event_idempotent" time="0.000" /><testcase classname="tests.test_projection" name="test_old_revision_does_not_rollback" time="0.000" /><testcase classname="tests.test_projection" name="test_timeout_retries_without_compute" time="0.000" /><testcase classname="tests.test_projection" name="test_timeout_budget_exhausted" time="0.000" /><testcase classname="tests.test_projection" name="test_terminal_does_not_return_to_ready" time="0.000" /><testcase classname="tests.test_projection" name="test_unknown_mapping_rejected" time="0.000" /><testcase classname="tests.test_readonly" name="test_read_only_blocks_named_mutations_not_query" time="0.000" /><testcase classname="tests.test_readonly" name="test_attachment_redirect_does_not_forward_credential" time="0.000" /><testcase classname="tests.test_redaction" name="test_redact_token_and_signed_url" time="0.000" /><testcase classname="tests.test_redaction" name="test_snapshot_receipt_hashes_redacted_markdown" time="0.001" /></testsuite></testsuites>